<?xml version="1.0" encoding="UTF-8"?>
<coverage generated="1782226004008" clover="3.2.0">
  <project timestamp="1782226004009" name="All files">
    <metrics statements="42" coveredstatements="36" conditionals="16" coveredconditionals="15" methods="10" coveredmethods="9" elements="68" coveredelements="60" complexity="0" loc="42" ncloc="42" packages="2" files="2" classes="2"/>
    <package name="src">
      <metrics statements="27" coveredstatements="21" conditionals="6" coveredconditionals="5" methods="4" coveredmethods="3"/>
      <file name="app.js" path="C:\Users\maryuri\pruebas_sofware_dawa\src\app.js">
        <metrics statements="27" coveredstatements="21" conditionals="6" coveredconditionals="5" methods="4" coveredmethods="3"/>
        <line num="2" count="1" type="stmt"/>
        <line num="8" count="1" type="stmt"/>
        <line num="10" count="1" type="stmt"/>
        <line num="11" count="1" type="stmt"/>
        <line num="14" count="1" type="stmt"/>
        <line num="15" count="2" type="stmt"/>
        <line num="20" count="2" type="stmt"/>
        <line num="24" count="1" type="stmt"/>
        <line num="25" count="2" type="stmt"/>
        <line num="26" count="2" type="cond" truecount="4" falsecount="0"/>
        <line num="27" count="1" type="stmt"/>
        <line num="29" count="1" type="stmt"/>
        <line num="30" count="1" type="stmt"/>
        <line num="31" count="1" type="stmt"/>
        <line num="33" count="0" type="stmt"/>
        <line num="38" count="1" type="stmt"/>
        <line num="39" count="0" type="stmt"/>
        <line num="40" count="0" type="stmt"/>
        <line num="41" count="0" type="stmt"/>
        <line num="42" count="0" type="stmt"/>
        <line num="44" count="0" type="stmt"/>
        <line num="49" count="1" type="stmt"/>
        <line num="50" count="1" type="stmt"/>
        <line num="51" count="1" type="cond" truecount="1" falsecount="1"/>
        <line num="52" count="1" type="stmt"/>
        <line num="53" count="1" type="stmt"/>
        <line num="56" count="1" type="stmt"/>
      </file>
    </package>
    <package name="src.utils">
      <metrics statements="15" coveredstatements="15" conditionals="10" coveredconditionals="10" methods="6" coveredmethods="6"/>
      <file name="calculadora.js" path="C:\Users\maryuri\pruebas_sofware_dawa\src\utils\calculadora.js">
        <metrics statements="15" coveredstatements="15" conditionals="10" coveredconditionals="10" methods="6" coveredmethods="6"/>
        <line num="4" count="6" type="cond" truecount="2" falsecount="0"/>
        <line num="5" count="5" type="cond" truecount="4" falsecount="0"/>
        <line num="6" count="1" type="stmt"/>
        <line num="8" count="4" type="stmt"/>
        <line num="12" count="3" type="cond" truecount="2" falsecount="0"/>
        <line num="13" count="1" type="stmt"/>
        <line num="15" count="2" type="stmt"/>
        <line num="16" count="2" type="stmt"/>
        <line num="21" count="4" type="stmt"/>
        <line num="22" count="4" type="stmt"/>
        <line num="26" count="2" type="stmt"/>
        <line num="31" count="3" type="cond" truecount="2" falsecount="0"/>
        <line num="32" count="2" type="stmt"/>
        <line num="33" count="2" type="stmt"/>
        <line num="36" count="2" type="stmt"/>
      </file>
    </package>
  </project>
</coverage>
