{"C:\\Users\\maryuri\\pruebas_sofware_dawa\\src\\app.js": {"path":"C:\\Users\\maryuri\\pruebas_sofware_dawa\\src\\app.js","statementMap":{"0":{"start":{"line":2,"column":16},"end":{"line":2,"column":34}},"1":{"start":{"line":8,"column":4},"end":{"line":8,"column":34}},"2":{"start":{"line":10,"column":12},"end":{"line":10,"column":21}},"3":{"start":{"line":11,"column":0},"end":{"line":11,"column":24}},"4":{"start":{"line":14,"column":0},"end":{"line":21,"column":3}},"5":{"start":{"line":15,"column":20},"end":{"line":19,"column":3}},"6":{"start":{"line":20,"column":2},"end":{"line":20,"column":43}},"7":{"start":{"line":24,"column":0},"end":{"line":35,"column":3}},"8":{"start":{"line":25,"column":33},"end":{"line":25,"column":41}},"9":{"start":{"line":26,"column":2},"end":{"line":28,"column":3}},"10":{"start":{"line":27,"column":4},"end":{"line":27,"column":70}},"11":{"start":{"line":29,"column":2},"end":{"line":34,"column":3}},"12":{"start":{"line":30,"column":24},"end":{"line":30,"column":61}},"13":{"start":{"line":31,"column":4},"end":{"line":31,"column":40}},"14":{"start":{"line":33,"column":4},"end":{"line":33,"column":62}},"15":{"start":{"line":38,"column":0},"end":{"line":46,"column":3}},"16":{"start":{"line":39,"column":24},"end":{"line":39,"column":32}},"17":{"start":{"line":40,"column":2},"end":{"line":45,"column":3}},"18":{"start":{"line":41,"column":18},"end":{"line":41,"column":42}},"19":{"start":{"line":42,"column":4},"end":{"line":42,"column":34}},"20":{"start":{"line":44,"column":4},"end":{"line":44,"column":62}},"21":{"start":{"line":49,"column":0},"end":{"line":54,"column":3}},"22":{"start":{"line":50,"column":20},"end":{"line":50,"column":28}},"23":{"start":{"line":51,"column":2},"end":{"line":51,"column":83}},"24":{"start":{"line":51,"column":14},"end":{"line":51,"column":83}},"25":{"start":{"line":52,"column":19},"end":{"line":52,"column":38}},"26":{"start":{"line":53,"column":2},"end":{"line":53,"column":35}},"27":{"start":{"line":56,"column":0},"end":{"line":56,"column":21}}},"fnMap":{"0":{"name":"(anonymous_0)","decl":{"start":{"line":14,"column":26},"end":{"line":14,"column":27}},"loc":{"start":{"line":14,"column":40},"end":{"line":21,"column":1}},"line":14},"1":{"name":"(anonymous_1)","decl":{"start":{"line":24,"column":27},"end":{"line":24,"column":28}},"loc":{"start":{"line":24,"column":41},"end":{"line":35,"column":1}},"line":24},"2":{"name":"(anonymous_2)","decl":{"start":{"line":38,"column":23},"end":{"line":38,"column":24}},"loc":{"start":{"line":38,"column":37},"end":{"line":46,"column":1}},"line":38},"3":{"name":"(anonymous_3)","decl":{"start":{"line":49,"column":31},"end":{"line":49,"column":32}},"loc":{"start":{"line":49,"column":45},"end":{"line":54,"column":1}},"line":49}},"branchMap":{"0":{"loc":{"start":{"line":26,"column":2},"end":{"line":28,"column":3}},"type":"if","locations":[{"start":{"line":26,"column":2},"end":{"line":28,"column":3}},{"start":{},"end":{}}],"line":26},"1":{"loc":{"start":{"line":26,"column":6},"end":{"line":26,"column":54}},"type":"binary-expr","locations":[{"start":{"line":26,"column":6},"end":{"line":26,"column":26}},{"start":{"line":26,"column":30},"end":{"line":26,"column":54}}],"line":26},"2":{"loc":{"start":{"line":51,"column":2},"end":{"line":51,"column":83}},"type":"if","locations":[{"start":{"line":51,"column":2},"end":{"line":51,"column":83}},{"start":{},"end":{}}],"line":51}},"s":{"0":1,"1":1,"2":1,"3":1,"4":1,"5":2,"6":2,"7":1,"8":2,"9":2,"10":1,"11":1,"12":1,"13":1,"14":0,"15":1,"16":0,"17":0,"18":0,"19":0,"20":0,"21":1,"22":1,"23":1,"24":0,"25":1,"26":1,"27":1},"f":{"0":2,"1":2,"2":0,"3":1},"b":{"0":[1,1],"1":[2,2],"2":[0,1]},"_coverageSchema":"1a1c01bbd47fc00a2c39e90264f33305004495a9","hash":"92f3793ba44abc795b14a1b98ca794f3758b608d"}
,"C:\\Users\\maryuri\\pruebas_sofware_dawa\\src\\utils\\calculadora.js": {"path":"C:\\Users\\maryuri\\pruebas_sofware_dawa\\src\\utils\\calculadora.js","statementMap":{"0":{"start":{"line":4,"column":2},"end":{"line":4,"column":69}},"1":{"start":{"line":4,"column":18},"end":{"line":4,"column":69}},"2":{"start":{"line":5,"column":2},"end":{"line":7,"column":3}},"3":{"start":{"line":6,"column":4},"end":{"line":6,"column":62}},"4":{"start":{"line":8,"column":2},"end":{"line":8,"column":46}},"5":{"start":{"line":12,"column":2},"end":{"line":14,"column":3}},"6":{"start":{"line":13,"column":4},"end":{"line":13,"column":46}},"7":{"start":{"line":15,"column":2},"end":{"line":17,"column":8}},"8":{"start":{"line":16,"column":4},"end":{"line":16,"column":49}},"9":{"start":{"line":21,"column":16},"end":{"line":21,"column":44}},"10":{"start":{"line":22,"column":2},"end":{"line":22,"column":27}},"11":{"start":{"line":26,"column":2},"end":{"line":26,"column":35}},"12":{"start":{"line":31,"column":2},"end":{"line":31,"column":69}},"13":{"start":{"line":31,"column":18},"end":{"line":31,"column":69}},"14":{"start":{"line":32,"column":19},"end":{"line":32,"column":23}},"15":{"start":{"line":33,"column":2},"end":{"line":33,"column":38}},"16":{"start":{"line":36,"column":0},"end":{"line":42,"column":2}}},"fnMap":{"0":{"name":"calcularDescuento","decl":{"start":{"line":3,"column":9},"end":{"line":3,"column":26}},"loc":{"start":{"line":3,"column":47},"end":{"line":9,"column":1}},"line":3},"1":{"name":"calcularTotal","decl":{"start":{"line":11,"column":9},"end":{"line":11,"column":22}},"loc":{"start":{"line":11,"column":34},"end":{"line":18,"column":1}},"line":11},"2":{"name":"(anonymous_2)","decl":{"start":{"line":15,"column":26},"end":{"line":15,"column":27}},"loc":{"start":{"line":15,"column":43},"end":{"line":17,"column":3}},"line":15},"3":{"name":"validarEmail","decl":{"start":{"line":20,"column":9},"end":{"line":20,"column":21}},"loc":{"start":{"line":20,"column":29},"end":{"line":23,"column":1}},"line":20},"4":{"name":"formatearMoneda","decl":{"start":{"line":25,"column":9},"end":{"line":25,"column":24}},"loc":{"start":{"line":25,"column":35},"end":{"line":27,"column":1}},"line":25},"5":{"name":"aplicarIVA","decl":{"start":{"line":30,"column":9},"end":{"line":30,"column":19}},"loc":{"start":{"line":30,"column":28},"end":{"line":34,"column":1}},"line":30}},"branchMap":{"0":{"loc":{"start":{"line":4,"column":2},"end":{"line":4,"column":69}},"type":"if","locations":[{"start":{"line":4,"column":2},"end":{"line":4,"column":69}},{"start":{},"end":{}}],"line":4},"1":{"loc":{"start":{"line":5,"column":2},"end":{"line":7,"column":3}},"type":"if","locations":[{"start":{"line":5,"column":2},"end":{"line":7,"column":3}},{"start":{},"end":{}}],"line":5},"2":{"loc":{"start":{"line":5,"column":6},"end":{"line":5,"column":40}},"type":"binary-expr","locations":[{"start":{"line":5,"column":6},"end":{"line":5,"column":20}},{"start":{"line":5,"column":24},"end":{"line":5,"column":40}}],"line":5},"3":{"loc":{"start":{"line":12,"column":2},"end":{"line":14,"column":3}},"type":"if","locations":[{"start":{"line":12,"column":2},"end":{"line":14,"column":3}},{"start":{},"end":{}}],"line":12},"4":{"loc":{"start":{"line":31,"column":2},"end":{"line":31,"column":69}},"type":"if","locations":[{"start":{"line":31,"column":2},"end":{"line":31,"column":69}},{"start":{},"end":{}}],"line":31}},"s":{"0":6,"1":1,"2":5,"3":1,"4":4,"5":3,"6":1,"7":2,"8":2,"9":4,"10":4,"11":2,"12":3,"13":1,"14":2,"15":2,"16":2},"f":{"0":6,"1":3,"2":2,"3":4,"4":2,"5":3},"b":{"0":[1,5],"1":[1,4],"2":[5,5],"3":[1,2],"4":[1,2]},"_coverageSchema":"1a1c01bbd47fc00a2c39e90264f33305004495a9","hash":"08dc07f3e9ee8a4858c1d38e141e234459e0d1ca"}
}
