TN:
SF:src\app.js
FN:14,(anonymous_0)
FN:24,(anonymous_1)
FN:38,(anonymous_2)
FN:49,(anonymous_3)
FNF:4
FNH:3
FNDA:2,(anonymous_0)
FNDA:2,(anonymous_1)
FNDA:0,(anonymous_2)
FNDA:1,(anonymous_3)
DA:2,1
DA:8,1
DA:10,1
DA:11,1
DA:14,1
DA:15,2
DA:20,2
DA:24,1
DA:25,2
DA:26,2
DA:27,1
DA:29,1
DA:30,1
DA:31,1
DA:33,0
DA:38,1
DA:39,0
DA:40,0
DA:41,0
DA:42,0
DA:44,0
DA:49,1
DA:50,1
DA:51,1
DA:52,1
DA:53,1
DA:56,1
LF:27
LH:21
BRDA:26,0,0,1
BRDA:26,0,1,1
BRDA:26,1,0,2
BRDA:26,1,1,2
BRDA:51,2,0,0
BRDA:51,2,1,1
BRF:6
BRH:5
end_of_record
TN:
SF:src\utils\calculadora.js
FN:3,calcularDescuento
FN:11,calcularTotal
FN:15,(anonymous_2)
FN:20,validarEmail
FN:25,formatearMoneda
FN:30,aplicarIVA
FNF:6
FNH:6
FNDA:6,calcularDescuento
FNDA:3,calcularTotal
FNDA:2,(anonymous_2)
FNDA:4,validarEmail
FNDA:2,formatearMoneda
FNDA:3,aplicarIVA
DA:4,6
DA:5,5
DA:6,1
DA:8,4
DA:12,3
DA:13,1
DA:15,2
DA:16,2
DA:21,4
DA:22,4
DA:26,2
DA:31,3
DA:32,2
DA:33,2
DA:36,2
LF:15
LH:15
BRDA:4,0,0,1
BRDA:4,0,1,5
BRDA:5,1,0,1
BRDA:5,1,1,4
BRDA:5,2,0,5
BRDA:5,2,1,5
BRDA:12,3,0,1
BRDA:12,3,1,2
BRDA:31,4,0,1
BRDA:31,4,1,2
BRF:10
BRH:10
end_of_record
